D:\WIN32PROJECTS\MULTITHREADNETLIB\NETWORKLIB\DEBUG\NETWORKLIB.PCH
D:\WIN32PROJECTS\MULTITHREADNETLIB\NETWORKLIB\DEBUG\STDAFX.OBJ
D:\WIN32PROJECTS\MULTITHREADNETLIB\NETWORKLIB\DEBUG\VC110.PDB
D:\WIN32PROJECTS\MULTITHREADNETLIB\NETWORKLIB\DEBUG\BASETHREAD.OBJ
D:\WIN32PROJECTS\MULTITHREADNETLIB\NETWORKLIB\DEBUG\CLOCK.OBJ
D:\WIN32PROJECTS\MULTITHREADNETLIB\NETWORKLIB\DEBUG\EPOLLOP.OBJ
D:\WIN32PROJECTS\MULTITHREADNETLIB\NETWORKLIB\DEBUG\MODELMANAGER.OBJ
D:\WIN32PROJECTS\MULTITHREADNETLIB\NETWORKLIB\DEBUG\NETMODELDEF.OBJ
D:\WIN32PROJECTS\MULTITHREADNETLIB\NETWORKLIB\DEBUG\READBUFFER.OBJ
D:\WIN32PROJECTS\MULTITHREADNETLIB\NETWORKLIB\DEBUG\SELECTOP.OBJ
D:\WIN32PROJECTS\MULTITHREADNETLIB\NETWORKLIB\DEBUG\SOCKETBUFFER.OBJ
D:\WIN32PROJECTS\MULTITHREADNETLIB\NETWORKLIB\DEBUG\SOCKETWRAPPER.OBJ
D:\WIN32PROJECTS\MULTITHREADNETLIB\NETWORKLIB\DEBUG\TASK.OBJ
D:\WIN32PROJECTS\MULTITHREADNETLIB\NETWORKLIB\DEBUG\THREADCOND.OBJ
D:\WIN32PROJECTS\MULTITHREADNETLIB\NETWORKLIB\DEBUG\THREADPOOL.OBJ
D:\WIN32PROJECTS\MULTITHREADNETLIB\NETWORKLIB\DEBUG\THREADWORKER.OBJ
D:\WIN32PROJECTS\MULTITHREADNETLIB\NETWORKLIB\DEBUG\WRITEBUFFER.OBJ
D:\WIN32PROJECTS\MULTITHREADNETLIB\NETWORKLIB\DEBUG\NETWORKLIB.OBJ
D:\win32projects\multithreadnetlib\networklib\Debug\basethread.obj
D:\win32projects\multithreadnetlib\networklib\Debug\clock.obj
D:\win32projects\multithreadnetlib\networklib\Debug\epollop.obj
D:\win32projects\multithreadnetlib\networklib\Debug\modelmanager.obj
D:\win32projects\multithreadnetlib\networklib\Debug\netmodeldef.obj
D:\win32projects\multithreadnetlib\networklib\Debug\networklib.obj
D:\win32projects\multithreadnetlib\networklib\Debug\readbuffer.obj
D:\win32projects\multithreadnetlib\networklib\Debug\selectop.obj
D:\win32projects\multithreadnetlib\networklib\Debug\socketbuffer.obj
D:\win32projects\multithreadnetlib\networklib\Debug\socketwrapper.obj
D:\win32projects\multithreadnetlib\networklib\Debug\stdafx.obj
D:\win32projects\multithreadnetlib\networklib\Debug\task.obj
D:\win32projects\multithreadnetlib\networklib\Debug\threadcond.obj
D:\win32projects\multithreadnetlib\networklib\Debug\threadpool.obj
D:\win32projects\multithreadnetlib\networklib\Debug\threadworker.obj
D:\win32projects\multithreadnetlib\networklib\Debug\writebuffer.obj
D:\win32projects\multithreadnetlib\networklib\Debug\cl.command.1.tlog
D:\win32projects\multithreadnetlib\networklib\Debug\CL.read.1.tlog
D:\win32projects\multithreadnetlib\networklib\Debug\CL.write.1.tlog
D:\win32projects\multithreadnetlib\networklib\Debug\link-cvtres.read.1.tlog
D:\win32projects\multithreadnetlib\networklib\Debug\link-cvtres.write.1.tlog
D:\win32projects\multithreadnetlib\networklib\Debug\link-rc.read.1.tlog
D:\win32projects\multithreadnetlib\networklib\Debug\link-rc.write.1.tlog
D:\win32projects\multithreadnetlib\networklib\Debug\link.command.1.tlog
D:\win32projects\multithreadnetlib\networklib\Debug\link.read.1.tlog
D:\win32projects\multithreadnetlib\networklib\Debug\link.write.1.tlog
D:\win32projects\multithreadnetlib\networklib\Debug\networklib.pch
D:\win32projects\multithreadnetlib\networklib\Debug\vc110.idb
D:\win32projects\multithreadnetlib\networklib\Debug\vc110.pdb
