生成启动时间为 2016/10/26 12:45:49。
     1>项目“D:\win32projects\multithreadnetlib\networklib\networklib.vcxproj”在节点 2 上(Build 个目标)。
     1>ClCompile:
         F:\Program Files (x86)\VC\bin\CL.exe /c /ZI /nologo /W3 /WX- /sdl /Od /Oy- /D WIN32 /D _DEBUG /D _CONSOLE /D _UNICODE /D UNICODE /Gm /EHsc /RTC1 /MDd /GS /fp:precise /Zc:wchar_t /Zc:forScope /Fo"Debug\\" /Fd"Debug\vc110.pdb" /Gd /TP /analyze- /errorReport:prompt ..\netmodel\modelmanager.cpp ..\netmodel\selectop.cpp ..\netmodel\socketwrapper.cpp ..\netmodel\threadpool.cpp ..\netmodel\threadworker.cpp networklib.cpp
         modelmanager.cpp
         正在生成代码...
         正在编译...
         networklib.cpp
         threadworker.cpp
         threadpool.cpp
         socketwrapper.cpp
         selectop.cpp
         正在生成代码...
       Link:
         F:\Program Files (x86)\VC\bin\link.exe /ERRORREPORT:PROMPT /OUT:"D:\win32projects\multithreadnetlib\Debug\networklib.exe" /INCREMENTAL /NOLOGO ws2_32.lib kernel32.lib user32.lib gdi32.lib winspool.lib comdlg32.lib advapi32.lib shell32.lib ole32.lib oleaut32.lib uuid.lib odbc32.lib odbccp32.lib /MANIFEST /MANIFESTUAC:"level='asInvoker' uiAccess='false'" /manifest:embed /DEBUG /PDB:"D:\win32projects\multithreadnetlib\Debug\networklib.pdb" /SUBSYSTEM:CONSOLE /TLBID:1 /DYNAMICBASE /NXCOMPAT /IMPLIB:"D:\win32projects\multithreadnetlib\Debug\networklib.lib" /MACHINE:X86 Debug\condition.obj
         Debug\mutex.obj
         Debug\basethread.obj
         Debug\epollop.obj
         Debug\modelmanager.obj
         Debug\netmodeldef.obj
         Debug\readbuffer.obj
         Debug\selectop.obj
         Debug\socketbuffer.obj
         Debug\socketwrapper.obj
         Debug\task.obj
         Debug\threadpool.obj
         Debug\threadworker.obj
         Debug\writebuffer.obj
         Debug\networklib.obj
         Debug\stdafx.obj
         networklib.vcxproj -> D:\win32projects\multithreadnetlib\Debug\networklib.exe
     1>已完成生成项目“D:\win32projects\multithreadnetlib\networklib\networklib.vcxproj”(Build 个目标)的操作。

生成成功。

已用时间 00:00:04.32
